RUN	uk.gov.hmcts.reform.probate.performance.simulations.ProbateCaveat	probatecaveat	1578006173065	 	3.1.1
USER	Probate_Caveat	1	START	1578006175496	1578006175496
REQUEST	1		request_0	1578006175554	1578006175818	OK	 
REQUEST	1		request_37	1578006178851	1578006178976	OK	 
REQUEST	1		request_75	1578006181992	1578006182118	OK	 
REQUEST	1		request_75 Redirect 1	1578006182123	1578006182276	OK	 
REQUEST	1		request_113	1578006185290	1578006185408	OK	 
REQUEST	1		request_113 Redirect 1	1578006185410	1578006185539	OK	 
REQUEST	1		request_151	1578006188535	1578006188906	OK	 
REQUEST	1		request_151 Redirect 1	1578006188908	1578006189027	OK	 
REQUEST	1		request_189	1578006192031	1578006192152	OK	 
REQUEST	1		request_189 Redirect 1	1578006192153	1578006192264	OK	 
REQUEST	1		request_227	1578006195264	1578006195463	OK	 
REQUEST	1		request_227 Redirect 1	1578006195467	1578006195622	OK	 
REQUEST	1		request_265	1578006198634	1578006198755	OK	 
REQUEST	1		request_265 Redirect 1	1578006198757	1578006198875	OK	 
REQUEST	1		request_303	1578006201862	1578006201976	OK	 
REQUEST	1		request_303 Redirect 1	1578006201979	1578006202115	OK	 
REQUEST	1		request_341	1578006205124	1578006205244	OK	 
REQUEST	1		request_341 Redirect 1	1578006205247	1578006205398	OK	 
REQUEST	1		request_379	1578006208405	1578006208627	OK	 
REQUEST	1		request_379 Redirect 1	1578006208628	1578006208764	OK	 
REQUEST	1		request_417	1578006211772	1578006212063	OK	 
REQUEST	1		request_417 Redirect 1	1578006212067	1578006212176	OK	 
REQUEST	1		request_455	1578006215179	1578006215307	OK	 
REQUEST	1		request_455 Redirect 1	1578006215309	1578006215468	OK	 
REQUEST	1		request_494	1578006218460	1578006218889	OK	 
REQUEST	1		request_532	1578006221884	1578006223989	OK	 
REQUEST	1		request_532 Redirect 1	1578006223992	1578006224212	OK	 
REQUEST	1		request_532 Redirect 2	1578006224214	1578006224327	OK	 
REQUEST	1		request_544	1578006227344	1578006227402	OK	 
REQUEST	1		request_545	1578006264405	1578006264555	OK	 
REQUEST	1		request_545 Redirect 1	1578006264559	1578006264671	OK	 
REQUEST	1		request_551	1578006267662	1578006267802	OK	 
REQUEST	1		request_551 Redirect 1	1578006267805	1578006267859	OK	 
REQUEST	1		request_551 Redirect 2	1578006267860	1578006269431	OK	 
REQUEST	1		request_551 Redirect 3	1578006269431	1578006269553	OK	 
USER	Probate_Caveat	1	END	1578006175496	1578006272561
