RUN	uk.gov.hmcts.reform.probate.performance.simulations.ProbateCaveat	probatecaveat	1578007411125	 	3.1.1
USER	Probate_Caveat	1	START	1578007414098	1578007414098
REQUEST	1		TX01_PA_Caveat_StartApply	1578007414169	1578007414428	OK	 
REQUEST	1		TX02_PA_Caveat_GetName	1578007417463	1578007417606	OK	 
REQUEST	1		TX03_PA_Caveat_PostName	1578007420625	1578007420765	OK	 
REQUEST	1		TX03_PA_Caveat_PostName Redirect 1	1578007420782	1578007420902	OK	 
REQUEST	1		TX04_PA_Caveat_Email	1578007423914	1578007424008	OK	 
REQUEST	1		TX04_PA_Caveat_Email Redirect 1	1578007424010	1578007424112	OK	 
REQUEST	1		TX05_PA_Caveat_AddressLookup	1578007427111	1578007427425	OK	 
REQUEST	1		TX05_PA_Caveat_AddressLookup Redirect 1	1578007427427	1578007427597	OK	 
REQUEST	1		TX06_PA_Caveat_Address	1578007430595	1578007430750	OK	 
REQUEST	1		TX06_PA_Caveat_Address Redirect 1	1578007430753	1578007430866	OK	 
REQUEST	1		TX07_PA_Caveat_DeceasedName	1578007433872	1578007433995	OK	 
REQUEST	1		TX07_PA_Caveat_DeceasedName Redirect 1	1578007433997	1578007434108	OK	 
REQUEST	1		TX08_PA_Caveat_DOD	1578007437104	1578007437217	OK	 
REQUEST	1		TX08_PA_Caveat_DOD Redirect 1	1578007437221	1578007437328	OK	 
REQUEST	1		TX09_PA_Caveat_DeceasedDOBKnown	1578007440334	1578007440511	OK	 
REQUEST	1		TX09_PA_Caveat_DeceasedDOBKnown Redirect 1	1578007440512	1578007440627	OK	 
REQUEST	1		TX10_PA_Caveat_DeceasedDOB	1578007443632	1578007443738	OK	 
REQUEST	1		TX10_PA_Caveat_DeceasedDOB Redirect 1	1578007443739	1578007443866	OK	 
REQUEST	1		TX11_PA_Caveat_DeceasedAlias	1578007446866	1578007446975	OK	 
REQUEST	1		TX11_PA_Caveat_DeceasedAlias Redirect 1	1578007446976	1578007447115	OK	 
REQUEST	1		TX12_PA_Caveat_DeceasedFAddress	1578007450116	1578007450451	OK	 
REQUEST	1		TX12_PA_Caveat_DeceasedFAddress Redirect 1	1578007450454	1578007450584	OK	 
REQUEST	1		TX13_PA_Caveat_DeceasedAddress	1578007453597	1578007453758	OK	 
REQUEST	1		TX13_PA_Caveat_DeceasedAddress Redirect 1	1578007453761	1578007453920	OK	 
REQUEST	1		TX14_PA_Caveat_paymentBreakdown	1578007456916	1578007457145	OK	 
REQUEST	1		TX15_PA_Caveat_paymentBreakdownPost	1578007460146	1578007461782	OK	 
REQUEST	1		TX15_PA_Caveat_paymentBreakdownPost Redirect 1	1578007461785	1578007461999	OK	 
REQUEST	1		TX15_PA_Caveat_paymentBreakdownPost Redirect 2	1578007462012	1578007462124	OK	 
REQUEST	1		TX16_PA_Caveat_paymentcheckCardDetails	1578007465144	1578007465214	OK	 
REQUEST	1		TX17_PA_Caveat_payment_Details	1578007502213	1578007502399	OK	 
REQUEST	1		TX17_PA_Caveat_payment_Details Redirect 1	1578007502400	1578007502477	OK	 
REQUEST	1		TX16_PA_Caveat_paymentBreakdown_PaymentConfirmation	1578007505484	1578007505563	OK	 
REQUEST	1		TX16_PA_Caveat_paymentBreakdown_PaymentConfirmation Redirect 1	1578007505566	1578007505617	OK	 
REQUEST	1		TX16_PA_Caveat_paymentBreakdown_PaymentConfirmation Redirect 2	1578007505618	1578007507411	OK	 
REQUEST	1		TX16_PA_Caveat_paymentBreakdown_PaymentConfirmation Redirect 3	1578007507412	1578007507575	OK	 
USER	Probate_Caveat	1	END	1578007414098	1578007510564
