RUN	uk.gov.hmcts.reform.probate.performance.simulations.ProbateCaveat	probatecaveat	1578002470195	 	3.1.1
USER	Probate_Caveat	1	START	1578002472749	1578002472749
REQUEST	1		request_0	1578002472821	1578002473611	OK	 
REQUEST	1		request_37	1578002476652	1578002476821	OK	 
REQUEST	1		request_75	1578002479837	1578002480065	OK	 
REQUEST	1		request_75 Redirect 1	1578002480088	1578002480268	OK	 
REQUEST	1		request_113	1578002483276	1578002483437	OK	 
REQUEST	1		request_113 Redirect 1	1578002483441	1578002483565	OK	 
REQUEST	1		request_151	1578002486567	1578002486916	OK	 
REQUEST	1		request_151 Redirect 1	1578002486917	1578002487027	OK	 
REQUEST	1		request_189	1578002490034	1578002490198	OK	 
REQUEST	1		request_189 Redirect 1	1578002490203	1578002490342	OK	 
REQUEST	1		request_227	1578002493335	1578002493579	OK	 
REQUEST	1		request_227 Redirect 1	1578002493582	1578002493702	OK	 
REQUEST	1		request_265	1578002496709	1578002496864	OK	 
REQUEST	1		request_265 Redirect 1	1578002496865	1578002496979	OK	 
REQUEST	1		request_303	1578002499975	1578002500114	OK	 
REQUEST	1		request_303 Redirect 1	1578002500118	1578002500261	OK	 
REQUEST	1		request_341	1578002503274	1578002503435	OK	 
REQUEST	1		request_341 Redirect 1	1578002503436	1578002503614	OK	 
REQUEST	1		request_379	1578002506617	1578002506783	OK	 
REQUEST	1		request_379 Redirect 1	1578002506784	1578002506907	OK	 
REQUEST	1		request_417	1578002509910	1578002510208	OK	 
REQUEST	1		request_417 Redirect 1	1578002510211	1578002510326	OK	 
REQUEST	1		request_455	1578002513323	1578002513472	OK	 
REQUEST	1		request_455 Redirect 1	1578002513473	1578002513751	OK	 
REQUEST	1		request_494	1578002516771	1578002517130	OK	 
REQUEST	1		request_532	1578002520127	1578002522144	OK	 
REQUEST	1		request_532 Redirect 1	1578002522151	1578002522409	OK	 
REQUEST	1		request_532 Redirect 2	1578002522415	1578002522556	KO	css((input[name='_csrf'],Some(value))).find.exists, found nothing
ERROR	request_544: Failed to build request: No attribute named '_csrfCardDetailPageChargeId' is defined 	1578002525571
ERROR	request_545: Failed to build request: No attribute named '_csrfCardDetailPageChargeId' is defined 	1578002562572
ERROR	request_551: Failed to build request: No attribute named '_csrfCardDetailPageChargeId' is defined 	1578002565584
USER	Probate_Caveat	1	END	1578002472749	1578002568589
