RUN	uk.gov.hmcts.reform.probate.performance.simulations.ProbateCaveat	probatecaveat	1578000069823	 	3.1.1
USER	Probate_Caveat	1	START	1578000072737	1578000072737
REQUEST	1		request_0	1578000072781	1578000073677	OK	 
REQUEST	1		request_37	1578000076698	1578000076916	OK	 
REQUEST	1		request_75	1578000079937	1578000080124	OK	 
REQUEST	1		request_75 Redirect 1	1578000080144	1578000080294	OK	 
REQUEST	1		request_113	1578000083307	1578000083440	OK	 
REQUEST	1		request_113 Redirect 1	1578000083441	1578000083598	OK	 
REQUEST	1		request_151	1578000086597	1578000086900	OK	 
REQUEST	1		request_151 Redirect 1	1578000086906	1578000087041	OK	 
REQUEST	1		request_189	1578000090041	1578000090180	OK	 
REQUEST	1		request_189 Redirect 1	1578000090182	1578000090328	OK	 
REQUEST	1		request_227	1578000093329	1578000093451	OK	 
REQUEST	1		request_227 Redirect 1	1578000093455	1578000093626	OK	 
REQUEST	1		request_265	1578000096625	1578000096773	OK	 
REQUEST	1		request_265 Redirect 1	1578000096776	1578000096881	OK	 
REQUEST	1		request_303	1578000099887	1578000100007	OK	 
REQUEST	1		request_303 Redirect 1	1578000100008	1578000100128	OK	 
REQUEST	1		request_341	1578000103129	1578000103264	OK	 
REQUEST	1		request_341 Redirect 1	1578000103268	1578000103377	OK	 
REQUEST	1		request_379	1578000106374	1578000106553	OK	 
REQUEST	1		request_379 Redirect 1	1578000106556	1578000106691	OK	 
REQUEST	1		request_417	1578000109699	1578000109876	OK	 
REQUEST	1		request_417 Redirect 1	1578000109879	1578000110056	OK	 
REQUEST	1		request_455	1578000113051	1578000113187	OK	 
REQUEST	1		request_455 Redirect 1	1578000113188	1578000113396	KO	css((input[name='_csrf'],Some(value))).find.exists, found nothing
REQUEST	1		request_494	1578000116405	1578000116648	OK	 
REQUEST	1		request_532	1578000119649	1578000121660	OK	 
REQUEST	1		request_532 Redirect 1	1578000121662	1578000121875	OK	 
REQUEST	1		request_532 Redirect 2	1578000121884	1578000122022	KO	css((input[name='_csrf'],Some(value))).find.exists, found nothing
ERROR	request_544: Failed to build request: No attribute named '_csrfCardDetailPageChargeId' is defined 	1578000125035
ERROR	request_545: Failed to build request: No attribute named '_csrfCardDetailPageChargeId' is defined 	1578000162025
ERROR	request_551: Failed to build request: No attribute named '_csrfCardDetailPageChargeId' is defined 	1578000165033
USER	Probate_Caveat	1	END	1578000072737	1578000168036
