RUN	uk.gov.hmcts.reform.probate.performance.simulations.ProbateCaveat	probatecaveat	1578004844351	 	3.1.1
USER	Probate_Caveat	1	START	1578004846271	1578004846271
REQUEST	1		request_0	1578004846328	1578004846589	OK	 
REQUEST	1		request_37	1578004849639	1578004849792	OK	 
REQUEST	1		request_75	1578004852805	1578004852929	OK	 
REQUEST	1		request_75 Redirect 1	1578004852946	1578004853057	OK	 
REQUEST	1		request_113	1578004856067	1578004856189	OK	 
REQUEST	1		request_113 Redirect 1	1578004856192	1578004856320	OK	 
REQUEST	1		request_151	1578004859310	1578004859723	OK	 
REQUEST	1		request_151 Redirect 1	1578004859726	1578004859971	OK	 
REQUEST	1		request_189	1578004862972	1578004863137	OK	 
REQUEST	1		request_189 Redirect 1	1578004863139	1578004863318	OK	 
REQUEST	1		request_227	1578004866322	1578004866454	OK	 
REQUEST	1		request_227 Redirect 1	1578004866458	1578004866593	OK	 
REQUEST	1		request_265	1578004869602	1578004869722	OK	 
REQUEST	1		request_265 Redirect 1	1578004869723	1578004869852	OK	 
REQUEST	1		request_303	1578004872848	1578004872963	OK	 
REQUEST	1		request_303 Redirect 1	1578004872967	1578004873094	OK	 
REQUEST	1		request_341	1578004876091	1578004876208	OK	 
REQUEST	1		request_341 Redirect 1	1578004876209	1578004876350	OK	 
REQUEST	1		request_379	1578004879360	1578004879466	OK	 
REQUEST	1		request_379 Redirect 1	1578004879469	1578004879646	OK	 
REQUEST	1		request_417	1578004882639	1578004882871	OK	 
REQUEST	1		request_417 Redirect 1	1578004882873	1578004883036	OK	 
REQUEST	1		request_455	1578004886037	1578004886164	OK	 
REQUEST	1		request_455 Redirect 1	1578004886165	1578004886367	OK	 
REQUEST	1		request_494	1578004889372	1578004889651	OK	 
REQUEST	1		request_532	1578004892652	1578004894987	OK	 
REQUEST	1		request_532 Redirect 1	1578004894990	1578004895185	OK	 
REQUEST	1		request_532 Redirect 2	1578004895192	1578004895294	OK	 
REQUEST	1		request_544	1578004898294	1578004898355	OK	 
REQUEST	1		request_545	1578004935368	1578004935544	OK	 
REQUEST	1		request_545 Redirect 1	1578004935545	1578004935626	OK	 
REQUEST	1		request_551	1578004938631	1578004938718	OK	 
REQUEST	1		request_551 Redirect 1	1578004938721	1578004938811	OK	 
REQUEST	1		request_551 Redirect 2	1578004938812	1578004940652	OK	 
REQUEST	1		request_551 Redirect 3	1578004940654	1578004940777	OK	 
USER	Probate_Caveat	1	END	1578004846271	1578004943776
