RUN	uk.gov.hmcts.reform.probate.performance.simulations.ProbateCaveat	probatecaveat	1578004598793	 	3.1.1
USER	Probate_Caveat	1	START	1578004601839	1578004601839
REQUEST	1		request_0	1578004601911	1578004602265	OK	 
REQUEST	1		request_37	1578004605304	1578004605503	OK	 
REQUEST	1		request_75	1578004608516	1578004608648	OK	 
REQUEST	1		request_75 Redirect 1	1578004608654	1578004608777	OK	 
REQUEST	1		request_113	1578004611786	1578004611892	OK	 
REQUEST	1		request_113 Redirect 1	1578004611894	1578004612039	OK	 
REQUEST	1		request_151	1578004615025	1578004615301	OK	 
REQUEST	1		request_151 Redirect 1	1578004615303	1578004615427	OK	 
REQUEST	1		request_189	1578004618426	1578004618616	OK	 
REQUEST	1		request_189 Redirect 1	1578004618619	1578004618772	OK	 
REQUEST	1		request_227	1578004621778	1578004621933	OK	 
REQUEST	1		request_227 Redirect 1	1578004621934	1578004622065	OK	 
REQUEST	1		request_265	1578004625075	1578004625216	OK	 
REQUEST	1		request_265 Redirect 1	1578004625217	1578004625348	OK	 
REQUEST	1		request_303	1578004628344	1578004628498	OK	 
REQUEST	1		request_303 Redirect 1	1578004628499	1578004628638	OK	 
REQUEST	1		request_341	1578004631641	1578004631753	OK	 
REQUEST	1		request_341 Redirect 1	1578004631758	1578004631876	OK	 
REQUEST	1		request_379	1578004634875	1578004635001	OK	 
REQUEST	1		request_379 Redirect 1	1578004635006	1578004635212	OK	 
REQUEST	1		request_417	1578004638228	1578004638439	OK	 
REQUEST	1		request_417 Redirect 1	1578004638441	1578004638578	OK	 
REQUEST	1		request_455	1578004641564	1578004641692	OK	 
REQUEST	1		request_455 Redirect 1	1578004641693	1578004641877	OK	 
REQUEST	1		request_494	1578004644886	1578004645221	OK	 
REQUEST	1		request_532	1578004648227	1578004650736	OK	 
REQUEST	1		request_532 Redirect 1	1578004650738	1578004650943	OK	 
REQUEST	1		request_532 Redirect 2	1578004650946	1578004651057	OK	 
REQUEST	1		request_544	1578004654056	1578004654106	KO	status.find.in(200,201,202,203,204,205,206,207,208,209,304), found 400
REQUEST	1		request_545	1578004691118	1578004691311	OK	 
REQUEST	1		request_545 Redirect 1	1578004691315	1578004691401	OK	 
REQUEST	1		request_551	1578004694413	1578004694518	OK	 
REQUEST	1		request_551 Redirect 1	1578004694519	1578004694574	OK	 
REQUEST	1		request_551 Redirect 2	1578004694575	1578004696445	OK	 
REQUEST	1		request_551 Redirect 3	1578004696448	1578004696620	OK	 
USER	Probate_Caveat	1	END	1578004601839	1578004699614
